# JRE version: OpenJDK Runtime Environment (8.0) (build 1.8.0-adoptopenjdk-_2018_05_19_00_59-b00)
# Java VM: OpenJDK 64-Bit Server VM (25.71-b00 mixed mode windows-amd64 compressed oops)
Heap:
 PSYoungGen      total 37888K, used 27445K [0x00000000d6180000, 0x00000000d8b80000, 0x0000000100000000)
  eden space 32768K, 70% used [0x00000000d6180000,0x00000000d7820af0,0x00000000d8180000)
  from space 5120K, 83% used [0x00000000d8680000,0x00000000d8aacb08,0x00000000d8b80000)
  to   space 5120K, 0% used [0x00000000d8180000,0x00000000d8180000,0x00000000d8680000)
 ParOldGen       total 63488K, used 3371K [0x0000000082400000, 0x0000000086200000, 0x00000000d6180000)
  object space 63488K, 5% used [0x0000000082400000,0x000000008274acb8,0x0000000086200000)
 Metaspace       used 17351K, capacity 17722K, committed 18048K, reserved 1067008K
  class space    used 1975K, capacity 2109K, committed 2176K, reserved 1048576K
GC Heap History (6 events):
Event: 1.558 GC heap before
{Heap before GC invocations=1 (full 0):
 PSYoungGen      total 37888K, used 17703K [0x00000000d6180000, 0x00000000d8b80000, 0x0000000100000000)
  eden space 32768K, 54% used [0x00000000d6180000,0x00000000d72c9d38,0x00000000d8180000)
  from space 5120K, 0% used [0x00000000d8680000,0x00000000d8680000,0x00000000d8b80000)
  to   space 5120K, 0% used [0x00000000d8180000,0x00000000d8180000,0x00000000d8680000)
 ParOldGen       total 86016K, used 0K [0x0000000082400000, 0x0000000087800000, 0x00000000d6180000)
  object space 86016K, 0% used [0x0000000082400000,0x0000000082400000,0x0000000087800000)
 Metaspace       used 12002K, capacity 12184K, committed 12288K, reserved 1064960K
  class space    used 1452K, capacity 1534K, committed 1536K, reserved 1048576K
Event: 1.566 GC heap after
Heap after GC invocations=1 (full 0):
 PSYoungGen      total 37888K, used 3465K [0x00000000d6180000, 0x00000000d8b80000, 0x0000000100000000)
  eden space 32768K, 0% used [0x00000000d6180000,0x00000000d6180000,0x00000000d8180000)
  from space 5120K, 67% used [0x00000000d8180000,0x00000000d84e2628,0x00000000d8680000)
  to   space 5120K, 0% used [0x00000000d8680000,0x00000000d8680000,0x00000000d8b80000)
 ParOldGen       total 86016K, used 80K [0x0000000082400000, 0x0000000087800000, 0x00000000d6180000)
  object space 86016K, 0% used [0x0000000082400000,0x0000000082414010,0x0000000087800000)
 Metaspace       used 12002K, capacity 12184K, committed 12288K, reserved 1064960K
  class space    used 1452K, capacity 1534K, committed 1536K, reserved 1048576K
}
Event: 1.566 GC heap before
{Heap before GC invocations=2 (full 1):
 PSYoungGen      total 37888K, used 3465K [0x00000000d6180000, 0x00000000d8b80000, 0x0000000100000000)
  eden space 32768K, 0% used [0x00000000d6180000,0x00000000d6180000,0x00000000d8180000)
  from space 5120K, 67% used [0x00000000d8180000,0x00000000d84e2628,0x00000000d8680000)
  to   space 5120K, 0% used [0x00000000d8680000,0x00000000d8680000,0x00000000d8b80000)
 ParOldGen       total 86016K, used 80K [0x0000000082400000, 0x0000000087800000, 0x00000000d6180000)
  object space 86016K, 0% used [0x0000000082400000,0x0000000082414010,0x0000000087800000)
 Metaspace       used 12002K, capacity 12184K, committed 12288K, reserved 1064960K
  class space    used 1452K, capacity 1534K, committed 1536K, reserved 1048576K
Event: 1.599 GC heap after
Heap after GC invocations=2 (full 1):
 PSYoungGen      total 37888K, used 0K [0x00000000d6180000, 0x00000000d8b80000, 0x0000000100000000)
  eden space 32768K, 0% used [0x00000000d6180000,0x00000000d6180000,0x00000000d8180000)
  from space 5120K, 0% used [0x00000000d8180000,0x00000000d8180000,0x00000000d8680000)
  to   space 5120K, 0% used [0x00000000d8680000,0x00000000d8680000,0x00000000d8b80000)
 ParOldGen       total 63488K, used 3363K [0x0000000082400000, 0x0000000086200000, 0x00000000d6180000)
  object space 63488K, 5% used [0x0000000082400000,0x0000000082748cb8,0x0000000086200000)
 Metaspace       used 12002K, capacity 12184K, committed 12288K, reserved 1062912K
  class space    used 1452K, capacity 1534K, committed 1536K, reserved 1048576K
}
Event: 3.742 GC heap before
{Heap before GC invocations=3 (full 1):
 PSYoungGen      total 37888K, used 32768K [0x00000000d6180000, 0x00000000d8b80000, 0x0000000100000000)
  eden space 32768K, 100% used [0x00000000d6180000,0x00000000d8180000,0x00000000d8180000)
  from space 5120K, 0% used [0x00000000d8180000,0x00000000d8180000,0x00000000d8680000)
  to   space 5120K, 0% used [0x00000000d8680000,0x00000000d8680000,0x00000000d8b80000)
 ParOldGen       total 63488K, used 3363K [0x0000000082400000, 0x0000000086200000, 0x00000000d6180000)
  object space 63488K, 5% used [0x0000000082400000,0x0000000082748cb8,0x0000000086200000)
 Metaspace       used 16231K, capacity 16664K, committed 16896K, reserved 1064960K
  class space    used 1893K, capacity 2026K, committed 2048K, reserved 1048576K
Event: 3.750 GC heap after
Heap after GC invocations=3 (full 1):
 PSYoungGen      total 37888K, used 4274K [0x00000000d6180000, 0x00000000d8b80000, 0x0000000100000000)
  eden space 32768K, 0% used [0x00000000d6180000,0x00000000d6180000,0x00000000d8180000)
  from space 5120K, 83% used [0x00000000d8680000,0x00000000d8aacb08,0x00000000d8b80000)
  to   space 5120K, 0% used [0x00000000d8180000,0x00000000d8180000,0x00000000d8680000)
 ParOldGen       total 63488K, used 3371K [0x0000000082400000, 0x0000000086200000, 0x00000000d6180000)
  object space 63488K, 5% used [0x0000000082400000,0x000000008274acb8,0x0000000086200000)
 Metaspace       used 16231K, capacity 16664K, committed 16896K, reserved 1064960K
  class space    used 1893K, capacity 2026K, committed 2048K, reserved 1048576K
}

